
tagesschau.de is missing body
tagesschau.de is missing date
tagesschau.de is missing title
taptaptap.com is missing author
taptaptap.com is missing date
tasteofhome.com is missing author
tasteofhome.com is missing date
tbray.org is missing author
tcng.org is missing author
tcng.org is missing date
tech.fortune.cnn.com is missing author
tech.fortune.cnn.com is missing date
tech.sina.com.cn is missing author
tech.sina.com.cn is missing body
tech.sina.com.cn is missing date
tech.sina.com.cn is missing title
techmeme.com is missing author
techmeme.com is missing body
techmeme.com is missing date
techmeme.com is missing title
techpinions.com is missing author
techpinions.com is missing date
techpinions.com is missing title
techradar.com is missing author
techradar.com is missing body
techradar.com is missing date
ted.com is missing author
ted.com is missing date
telegraaf.nl is missing author
telegraaf.nl is missing date
telegraaf.nl is missing title
telegraph.co.uk is missing author
telegraph.co.uk is missing date
telegraph.co.uk is missing title
theappleblog.com is missing author
theappleblog.com is missing body
theappleblog.com is missing date
theappleblog.com is missing title
thebostonchannel.com is missing author
thebrowser.com is missing author
thebrowser.com is missing date
thecarton.net is missing author
thecarton.net is missing body
thedailybeast.com is missing author
thedailybeast.com is missing date
thedailymash.co.uk is missing author
thedailymash.co.uk is missing body
thedailymash.co.uk is missing title
thefilmexperience.net is missing author
thefilmexperience.net is missing date
thefilmexperience.net is missing title
theglobeandmail.com is missing author
theglobeandmail.com is missing body
theglobeandmail.com is missing date
theglobeandmail.com is missing title
theindychannel.com is missing author
themillions.com is missing author
themillions.com is missing date
themuseumofinnocence.com is missing author
themuseumofinnocence.com is missing date
themuseumofinnocence.com is missing title
thenetworkgarden.blogs.com is missing author
thenetworkgarden.blogs.com is missing date
thenextweb.com is missing date
thenextweb.com is missing title
theoaklandpress.com is missing author
theoaklandpress.com is missing date
theoaklandpress.com is missing title
theonion.com is missing author
theroot.com is missing author
theroot.com is missing date
theroot.com is missing title
therumpus.net is missing author
therumpus.net is missing date
thesiasat.com is missing author
thesiasat.com is missing date
thesiasat.com is missing title
thesimpledollar.com is missing date
thespoiler.co.uk is missing author
thespoiler.co.uk is missing body
thespoiler.co.uk is missing date
thespoiler.co.uk is missing title
thestranger.com is missing author
thestranger.com is missing date
thethaovanhoa.vn is missing author
thethaovanhoa.vn is missing body
thethaovanhoa.vn is missing date
thethaovanhoa.vn is missing title
theweek.com is missing author
theweek.com is missing date
theweek.com is missing title
thinkprogress.org is missing date
thinkprogress.org is missing title
thisdaylive.com is missing author
thisdaylive.com is missing date
thisdaylive.com is missing title
thisismynext.com is missing date
thisismynext.com is missing title
tidbits.com is missing body
tidbits.com is missing title
time.com is missing body
timeshighereducation.co.uk is missing author
timeshighereducation.co.uk is missing date
tipb.com is missing title
tldp.org is missing author
tldp.org is missing date
tomdispatch.com is missing author
tomdispatch.com is missing date
tomshardware.de is missing author
tomshardware.de is missing body
tomshardware.de is missing title
toolsandtoys.net is missing author
toolsandtoys.net is missing date
toolsandtoys.net is missing title
trailer.web-view.net is missing author
trailer.web-view.net is missing body
trailer.web-view.net is missing date
triblive.com is missing body
truthdig.com is missing author
truthdig.com is missing date
tthfanfic.org is missing date
tthor.com is missing author
tthor.com is missing body
tthor.com is missing date
tthor.com is missing title
tvtropes.org is missing author
tvtropes.org is missing date
